<?xml version="1.0" encoding="UTF-8"?>
<testng-results ignored="0" total="1" passed="1" failed="0" skipped="0">
  <reporter-output>
  </reporter-output>
  <suite started-at="2024-03-27T20:52:38 IST" name="Default suite" finished-at="2024-03-27T20:54:38 IST" duration-ms="120612">
    <groups>
    </groups>
    <test started-at="2024-03-27T20:52:38 IST" name="Default test" finished-at="2024-03-27T20:54:38 IST" duration-ms="120612">
      <class name="BeautyProducts.facescanada_Test">
        <test-method signature="facescanadaProducts()[pri:0, instance:BeautyProducts.facescanada_Test@355ce81c]" started-at="2024-03-27T20:52:38 IST" name="facescanadaProducts" finished-at="2024-03-27T20:54:38 IST" duration-ms="120467" status="PASS">
          <reporter-output>
          </reporter-output>
        </test-method> <!-- facescanadaProducts -->
      </class> <!-- BeautyProducts.facescanada_Test -->
    </test> <!-- Default test -->
  </suite> <!-- Default suite -->
</testng-results>
